Determining if the pthread_create exist failed with the following output:
Change Dir: /home/kin/fyp2016/ros/build/CMakeFiles/CMakeTmp

Run Build Command:/usr/bin/make "cmTryCompileExec1178788462/fast"
/usr/bin/make -f CMakeFiles/cmTryCompileExec1178788462.dir/build.make CMakeFiles/cmTryCompileExec1178788462.dir/build
make[1]: Entering directory `/home/kin/fyp2016/ros/build/CMakeFiles/CMakeTmp'
/usr/bin/cmake -E cmake_progress_report /home/kin/fyp2016/ros/build/CMakeFiles/CMakeTmp/CMakeFiles 1
Building C object CMakeFiles/cmTryCompileExec1178788462.dir/CheckSymbolExists.c.o
/usr/bin/cc    -o CMakeFiles/cmTryCompileExec1178788462.dir/CheckSymbolExists.c.o   -c /home/kin/fyp2016/ros/build/CMakeFiles/CMakeTmp/CheckSymbolExists.c
Linking C executable cmTryCompileExec1178788462
/usr/bin/cmake -E cmake_link_script CMakeFiles/cmTryCompileExec1178788462.dir/link.txt --verbose=1
/usr/bin/cc       CMakeFiles/cmTryCompileExec1178788462.dir/CheckSymbolExists.c.o  -o cmTryCompileExec1178788462 -rdynamic 
CMakeFiles/cmTryCompileExec1178788462.dir/CheckSymbolExists.c.o: In function `main':
CheckSymbolExists.c:(.text+0x16): undefined reference to `pthread_create'
collect2: error: ld returned 1 exit status
make[1]: Leaving directory `/home/kin/fyp2016/ros/build/CMakeFiles/CMakeTmp'
make[1]: *** [cmTryCompileExec1178788462] Error 1
make: *** [cmTryCompileExec1178788462/fast] Error 2

File /home/kin/fyp2016/ros/build/CMakeFiles/CMakeTmp/CheckSymbolExists.c:
/* */
#include <pthread.h>

int main(int argc, char** argv)
{
  (void)argv;
#ifndef pthread_create
  return ((int*)(&pthread_create))[argc];
#else
  (void)argc;
  return 0;
#endif
}

Determining if the function pthread_create exists in the pthreads failed with the following output:
Change Dir: /home/kin/fyp2016/ros/build/CMakeFiles/CMakeTmp

Run Build Command:/usr/bin/make "cmTryCompileExec881142327/fast"
/usr/bin/make -f CMakeFiles/cmTryCompileExec881142327.dir/build.make CMakeFiles/cmTryCompileExec881142327.dir/build
make[1]: Entering directory `/home/kin/fyp2016/ros/build/CMakeFiles/CMakeTmp'
/usr/bin/cmake -E cmake_progress_report /home/kin/fyp2016/ros/build/CMakeFiles/CMakeTmp/CMakeFiles 1
Building C object CMakeFiles/cmTryCompileExec881142327.dir/CheckFunctionExists.c.o
/usr/bin/cc   -DCHECK_FUNCTION_EXISTS=pthread_create   -o CMakeFiles/cmTryCompileExec881142327.dir/CheckFunctionExists.c.o   -c /usr/share/cmake-2.8/Modules/CheckFunctionExists.c
Linking C executable cmTryCompileExec881142327
/usr/bin/cmake -E cmake_link_script CMakeFiles/cmTryCompileExec881142327.dir/link.txt --verbose=1
/usr/bin/cc   -DCHECK_FUNCTION_EXISTS=pthread_create    CMakeFiles/cmTryCompileExec881142327.dir/CheckFunctionExists.c.o  -o cmTryCompileExec881142327 -rdynamic -lpthreads 
/usr/bin/ld: cannot find -lpthreads
collect2: error: ld returned 1 exit status
make[1]: *** [cmTryCompileExec881142327] Error 1
make[1]: Leaving directory `/home/kin/fyp2016/ros/build/CMakeFiles/CMakeTmp'
make: *** [cmTryCompileExec881142327/fast] Error 2


Determining if the Q_WS_WIN exist failed with the following output:
Change Dir: /home/kin/fyp2016/ros/build/CMakeFiles/CMakeTmp

Run Build Command:/usr/bin/make "cmTryCompileExec352986197/fast"
/usr/bin/make -f CMakeFiles/cmTryCompileExec352986197.dir/build.make CMakeFiles/cmTryCompileExec352986197.dir/build
make[1]: Entering directory `/home/kin/fyp2016/ros/build/CMakeFiles/CMakeTmp'
/usr/bin/cmake -E cmake_progress_report /home/kin/fyp2016/ros/build/CMakeFiles/CMakeTmp/CMakeFiles 1
Building CXX object CMakeFiles/cmTryCompileExec352986197.dir/CheckSymbolExists.cxx.o
/usr/bin/c++    -I/usr/include/qt4    -o CMakeFiles/cmTryCompileExec352986197.dir/CheckSymbolExists.cxx.o -c /home/kin/fyp2016/ros/build/CMakeFiles/CMakeTmp/CheckSymbolExists.cxx
/home/kin/fyp2016/ros/build/CMakeFiles/CMakeTmp/CheckSymbolExists.cxx: In function ‘int main(int, char**)’:
/home/kin/fyp2016/ros/build/CMakeFiles/CMakeTmp/CheckSymbolExists.cxx:8:19: error: ‘Q_WS_WIN’ was not declared in this scope
   return ((int*)(&Q_WS_WIN))[argc];
                   ^
make[1]: *** [CMakeFiles/cmTryCompileExec352986197.dir/CheckSymbolExists.cxx.o] Error 1
make[1]: Leaving directory `/home/kin/fyp2016/ros/build/CMakeFiles/CMakeTmp'
make: *** [cmTryCompileExec352986197/fast] Error 2

File /home/kin/fyp2016/ros/build/CMakeFiles/CMakeTmp/CheckSymbolExists.cxx:
/* */
#include <QtCore/qglobal.h>

int main(int argc, char** argv)
{
  (void)argv;
#ifndef Q_WS_WIN
  return ((int*)(&Q_WS_WIN))[argc];
#else
  (void)argc;
  return 0;
#endif
}

Determining if the Q_WS_QWS exist failed with the following output:
Change Dir: /home/kin/fyp2016/ros/build/CMakeFiles/CMakeTmp

Run Build Command:/usr/bin/make "cmTryCompileExec100913866/fast"
/usr/bin/make -f CMakeFiles/cmTryCompileExec100913866.dir/build.make CMakeFiles/cmTryCompileExec100913866.dir/build
make[1]: Entering directory `/home/kin/fyp2016/ros/build/CMakeFiles/CMakeTmp'
/usr/bin/cmake -E cmake_progress_report /home/kin/fyp2016/ros/build/CMakeFiles/CMakeTmp/CMakeFiles 1
Building CXX object CMakeFiles/cmTryCompileExec100913866.dir/CheckSymbolExists.cxx.o
/usr/bin/c++    -I/usr/include/qt4    -o CMakeFiles/cmTryCompileExec100913866.dir/CheckSymbolExists.cxx.o -c /home/kin/fyp2016/ros/build/CMakeFiles/CMakeTmp/CheckSymbolExists.cxx
/home/kin/fyp2016/ros/build/CMakeFiles/CMakeTmp/CheckSymbolExists.cxx: In function ‘int main(int, char**)’:
/home/kin/fyp2016/ros/build/CMakeFiles/CMakeTmp/CheckSymbolExists.cxx:8:19: error: ‘Q_WS_QWS’ was not declared in this scope
   return ((int*)(&Q_WS_QWS))[argc];
                   ^
make[1]: *** [CMakeFiles/cmTryCompileExec100913866.dir/CheckSymbolExists.cxx.o] Error 1
make[1]: Leaving directory `/home/kin/fyp2016/ros/build/CMakeFiles/CMakeTmp'
make: *** [cmTryCompileExec100913866/fast] Error 2

File /home/kin/fyp2016/ros/build/CMakeFiles/CMakeTmp/CheckSymbolExists.cxx:
/* */
#include <QtCore/qglobal.h>

int main(int argc, char** argv)
{
  (void)argv;
#ifndef Q_WS_QWS
  return ((int*)(&Q_WS_QWS))[argc];
#else
  (void)argc;
  return 0;
#endif
}

Determining if the Q_WS_MAC exist failed with the following output:
Change Dir: /home/kin/fyp2016/ros/build/CMakeFiles/CMakeTmp

Run Build Command:/usr/bin/make "cmTryCompileExec1192384404/fast"
/usr/bin/make -f CMakeFiles/cmTryCompileExec1192384404.dir/build.make CMakeFiles/cmTryCompileExec1192384404.dir/build
make[1]: Entering directory `/home/kin/fyp2016/ros/build/CMakeFiles/CMakeTmp'
/usr/bin/cmake -E cmake_progress_report /home/kin/fyp2016/ros/build/CMakeFiles/CMakeTmp/CMakeFiles 1
Building CXX object CMakeFiles/cmTryCompileExec1192384404.dir/CheckSymbolExists.cxx.o
/usr/bin/c++    -I/usr/include/qt4    -o CMakeFiles/cmTryCompileExec1192384404.dir/CheckSymbolExists.cxx.o -c /home/kin/fyp2016/ros/build/CMakeFiles/CMakeTmp/CheckSymbolExists.cxx
/home/kin/fyp2016/ros/build/CMakeFiles/CMakeTmp/CheckSymbolExists.cxx: In function ‘int main(int, char**)’:
/home/kin/fyp2016/ros/build/CMakeFiles/CMakeTmp/CheckSymbolExists.cxx:8:19: error: ‘Q_WS_MAC’ was not declared in this scope
   return ((int*)(&Q_WS_MAC))[argc];
                   ^
make[1]: *** [CMakeFiles/cmTryCompileExec1192384404.dir/CheckSymbolExists.cxx.o] Error 1
make[1]: Leaving directory `/home/kin/fyp2016/ros/build/CMakeFiles/CMakeTmp'
make: *** [cmTryCompileExec1192384404/fast] Error 2

File /home/kin/fyp2016/ros/build/CMakeFiles/CMakeTmp/CheckSymbolExists.cxx:
/* */
#include <QtCore/qglobal.h>

int main(int argc, char** argv)
{
  (void)argv;
#ifndef Q_WS_MAC
  return ((int*)(&Q_WS_MAC))[argc];
#else
  (void)argc;
  return 0;
#endif
}

