Determining if the pthread_create exist failed with the following output:
Change Dir: /home/kin/fyp2016/ros/build-src-Desktop_Qt_5_7_0_GCC_64bit-Default/CMakeFiles/CMakeTmp

Run Build Command:/usr/bin/make "cmTryCompileExec1556726242/fast"
/usr/bin/make -f CMakeFiles/cmTryCompileExec1556726242.dir/build.make CMakeFiles/cmTryCompileExec1556726242.dir/build
make[1]: Entering directory `/home/kin/fyp2016/ros/build-src-Desktop_Qt_5_7_0_GCC_64bit-Default/CMakeFiles/CMakeTmp'
/usr/bin/cmake -E cmake_progress_report /home/kin/fyp2016/ros/build-src-Desktop_Qt_5_7_0_GCC_64bit-Default/CMakeFiles/CMakeTmp/CMakeFiles 1
Building C object CMakeFiles/cmTryCompileExec1556726242.dir/CheckSymbolExists.c.o
/usr/bin/cc    -o CMakeFiles/cmTryCompileExec1556726242.dir/CheckSymbolExists.c.o   -c /home/kin/fyp2016/ros/build-src-Desktop_Qt_5_7_0_GCC_64bit-Default/CMakeFiles/CMakeTmp/CheckSymbolExists.c
Linking C executable cmTryCompileExec1556726242
/usr/bin/cmake -E cmake_link_script CMakeFiles/cmTryCompileExec1556726242.dir/link.txt --verbose=1
/usr/bin/cc       CMakeFiles/cmTryCompileExec1556726242.dir/CheckSymbolExists.c.o  -o cmTryCompileExec1556726242 -rdynamic 
CMakeFiles/cmTryCompileExec1556726242.dir/CheckSymbolExists.c.o: In function `main':
CheckSymbolExists.c:(.text+0x16): undefined reference to `pthread_create'
collect2: error: ld returned 1 exit status
make[1]: *** [cmTryCompileExec1556726242] Error 1
make[1]: Leaving directory `/home/kin/fyp2016/ros/build-src-Desktop_Qt_5_7_0_GCC_64bit-Default/CMakeFiles/CMakeTmp'
make: *** [cmTryCompileExec1556726242/fast] Error 2

File /home/kin/fyp2016/ros/build-src-Desktop_Qt_5_7_0_GCC_64bit-Default/CMakeFiles/CMakeTmp/CheckSymbolExists.c:
/* */
#include <pthread.h>

int main(int argc, char** argv)
{
  (void)argv;
#ifndef pthread_create
  return ((int*)(&pthread_create))[argc];
#else
  (void)argc;
  return 0;
#endif
}

Determining if the function pthread_create exists in the pthreads failed with the following output:
Change Dir: /home/kin/fyp2016/ros/build-src-Desktop_Qt_5_7_0_GCC_64bit-Default/CMakeFiles/CMakeTmp

Run Build Command:/usr/bin/make "cmTryCompileExec2255392270/fast"
/usr/bin/make -f CMakeFiles/cmTryCompileExec2255392270.dir/build.make CMakeFiles/cmTryCompileExec2255392270.dir/build
make[1]: Entering directory `/home/kin/fyp2016/ros/build-src-Desktop_Qt_5_7_0_GCC_64bit-Default/CMakeFiles/CMakeTmp'
/usr/bin/cmake -E cmake_progress_report /home/kin/fyp2016/ros/build-src-Desktop_Qt_5_7_0_GCC_64bit-Default/CMakeFiles/CMakeTmp/CMakeFiles 1
Building C object CMakeFiles/cmTryCompileExec2255392270.dir/CheckFunctionExists.c.o
/usr/bin/cc   -DCHECK_FUNCTION_EXISTS=pthread_create   -o CMakeFiles/cmTryCompileExec2255392270.dir/CheckFunctionExists.c.o   -c /usr/share/cmake-2.8/Modules/CheckFunctionExists.c
Linking C executable cmTryCompileExec2255392270
/usr/bin/cmake -E cmake_link_script CMakeFiles/cmTryCompileExec2255392270.dir/link.txt --verbose=1
/usr/bin/cc   -DCHECK_FUNCTION_EXISTS=pthread_create    CMakeFiles/cmTryCompileExec2255392270.dir/CheckFunctionExists.c.o  -o cmTryCompileExec2255392270 -rdynamic -lpthreads 
/usr/bin/ld: cannot find -lpthreads
collect2: error: ld returned 1 exit status
make[1]: *** [cmTryCompileExec2255392270] Error 1
make[1]: Leaving directory `/home/kin/fyp2016/ros/build-src-Desktop_Qt_5_7_0_GCC_64bit-Default/CMakeFiles/CMakeTmp'
make: *** [cmTryCompileExec2255392270/fast] Error 2


Determining if the Q_WS_WIN exist failed with the following output:
Change Dir: /home/kin/fyp2016/ros/build-src-Desktop_Qt_5_7_0_GCC_64bit-Default/CMakeFiles/CMakeTmp

Run Build Command:/usr/bin/make "cmTryCompileExec879215059/fast"
/usr/bin/make -f CMakeFiles/cmTryCompileExec879215059.dir/build.make CMakeFiles/cmTryCompileExec879215059.dir/build
make[1]: Entering directory `/home/kin/fyp2016/ros/build-src-Desktop_Qt_5_7_0_GCC_64bit-Default/CMakeFiles/CMakeTmp'
/usr/bin/cmake -E cmake_progress_report /home/kin/fyp2016/ros/build-src-Desktop_Qt_5_7_0_GCC_64bit-Default/CMakeFiles/CMakeTmp/CMakeFiles 1
Building CXX object CMakeFiles/cmTryCompileExec879215059.dir/CheckSymbolExists.cxx.o
/usr/bin/g++    -I/usr/include/qt4    -o CMakeFiles/cmTryCompileExec879215059.dir/CheckSymbolExists.cxx.o -c /home/kin/fyp2016/ros/build-src-Desktop_Qt_5_7_0_GCC_64bit-Default/CMakeFiles/CMakeTmp/CheckSymbolExists.cxx
/home/kin/fyp2016/ros/build-src-Desktop_Qt_5_7_0_GCC_64bit-Default/CMakeFiles/CMakeTmp/CheckSymbolExists.cxx: In function ‘int main(int, char**)’:
/home/kin/fyp2016/ros/build-src-Desktop_Qt_5_7_0_GCC_64bit-Default/CMakeFiles/CMakeTmp/CheckSymbolExists.cxx:8:19: error: ‘Q_WS_WIN’ was not declared in this scope
   return ((int*)(&Q_WS_WIN))[argc];
                   ^
make[1]: *** [CMakeFiles/cmTryCompileExec879215059.dir/CheckSymbolExists.cxx.o] Error 1
make[1]: Leaving directory `/home/kin/fyp2016/ros/build-src-Desktop_Qt_5_7_0_GCC_64bit-Default/CMakeFiles/CMakeTmp'
make: *** [cmTryCompileExec879215059/fast] Error 2

File /home/kin/fyp2016/ros/build-src-Desktop_Qt_5_7_0_GCC_64bit-Default/CMakeFiles/CMakeTmp/CheckSymbolExists.cxx:
/* */
#include <QtCore/qglobal.h>

int main(int argc, char** argv)
{
  (void)argv;
#ifndef Q_WS_WIN
  return ((int*)(&Q_WS_WIN))[argc];
#else
  (void)argc;
  return 0;
#endif
}

Determining if the Q_WS_QWS exist failed with the following output:
Change Dir: /home/kin/fyp2016/ros/build-src-Desktop_Qt_5_7_0_GCC_64bit-Default/CMakeFiles/CMakeTmp

Run Build Command:/usr/bin/make "cmTryCompileExec339257366/fast"
/usr/bin/make -f CMakeFiles/cmTryCompileExec339257366.dir/build.make CMakeFiles/cmTryCompileExec339257366.dir/build
make[1]: Entering directory `/home/kin/fyp2016/ros/build-src-Desktop_Qt_5_7_0_GCC_64bit-Default/CMakeFiles/CMakeTmp'
/usr/bin/cmake -E cmake_progress_report /home/kin/fyp2016/ros/build-src-Desktop_Qt_5_7_0_GCC_64bit-Default/CMakeFiles/CMakeTmp/CMakeFiles 1
Building CXX object CMakeFiles/cmTryCompileExec339257366.dir/CheckSymbolExists.cxx.o
/usr/bin/g++    -I/usr/include/qt4    -o CMakeFiles/cmTryCompileExec339257366.dir/CheckSymbolExists.cxx.o -c /home/kin/fyp2016/ros/build-src-Desktop_Qt_5_7_0_GCC_64bit-Default/CMakeFiles/CMakeTmp/CheckSymbolExists.cxx
/home/kin/fyp2016/ros/build-src-Desktop_Qt_5_7_0_GCC_64bit-Default/CMakeFiles/CMakeTmp/CheckSymbolExists.cxx: In function ‘int main(int, char**)’:
/home/kin/fyp2016/ros/build-src-Desktop_Qt_5_7_0_GCC_64bit-Default/CMakeFiles/CMakeTmp/CheckSymbolExists.cxx:8:19: error: ‘Q_WS_QWS’ was not declared in this scope
   return ((int*)(&Q_WS_QWS))[argc];
                   ^
make[1]: *** [CMakeFiles/cmTryCompileExec339257366.dir/CheckSymbolExists.cxx.o] Error 1
make[1]: Leaving directory `/home/kin/fyp2016/ros/build-src-Desktop_Qt_5_7_0_GCC_64bit-Default/CMakeFiles/CMakeTmp'
make: *** [cmTryCompileExec339257366/fast] Error 2

File /home/kin/fyp2016/ros/build-src-Desktop_Qt_5_7_0_GCC_64bit-Default/CMakeFiles/CMakeTmp/CheckSymbolExists.cxx:
/* */
#include <QtCore/qglobal.h>

int main(int argc, char** argv)
{
  (void)argv;
#ifndef Q_WS_QWS
  return ((int*)(&Q_WS_QWS))[argc];
#else
  (void)argc;
  return 0;
#endif
}

Determining if the Q_WS_MAC exist failed with the following output:
Change Dir: /home/kin/fyp2016/ros/build-src-Desktop_Qt_5_7_0_GCC_64bit-Default/CMakeFiles/CMakeTmp

Run Build Command:/usr/bin/make "cmTryCompileExec889546740/fast"
/usr/bin/make -f CMakeFiles/cmTryCompileExec889546740.dir/build.make CMakeFiles/cmTryCompileExec889546740.dir/build
make[1]: Entering directory `/home/kin/fyp2016/ros/build-src-Desktop_Qt_5_7_0_GCC_64bit-Default/CMakeFiles/CMakeTmp'
/usr/bin/cmake -E cmake_progress_report /home/kin/fyp2016/ros/build-src-Desktop_Qt_5_7_0_GCC_64bit-Default/CMakeFiles/CMakeTmp/CMakeFiles 1
Building CXX object CMakeFiles/cmTryCompileExec889546740.dir/CheckSymbolExists.cxx.o
/usr/bin/g++    -I/usr/include/qt4    -o CMakeFiles/cmTryCompileExec889546740.dir/CheckSymbolExists.cxx.o -c /home/kin/fyp2016/ros/build-src-Desktop_Qt_5_7_0_GCC_64bit-Default/CMakeFiles/CMakeTmp/CheckSymbolExists.cxx
/home/kin/fyp2016/ros/build-src-Desktop_Qt_5_7_0_GCC_64bit-Default/CMakeFiles/CMakeTmp/CheckSymbolExists.cxx: In function ‘int main(int, char**)’:
/home/kin/fyp2016/ros/build-src-Desktop_Qt_5_7_0_GCC_64bit-Default/CMakeFiles/CMakeTmp/CheckSymbolExists.cxx:8:19: error: ‘Q_WS_MAC’ was not declared in this scope
   return ((int*)(&Q_WS_MAC))[argc];
                   ^
make[1]: *** [CMakeFiles/cmTryCompileExec889546740.dir/CheckSymbolExists.cxx.o] Error 1
make[1]: Leaving directory `/home/kin/fyp2016/ros/build-src-Desktop_Qt_5_7_0_GCC_64bit-Default/CMakeFiles/CMakeTmp'
make: *** [cmTryCompileExec889546740/fast] Error 2

File /home/kin/fyp2016/ros/build-src-Desktop_Qt_5_7_0_GCC_64bit-Default/CMakeFiles/CMakeTmp/CheckSymbolExists.cxx:
/* */
#include <QtCore/qglobal.h>

int main(int argc, char** argv)
{
  (void)argv;
#ifndef Q_WS_MAC
  return ((int*)(&Q_WS_MAC))[argc];
#else
  (void)argc;
  return 0;
#endif
}

